  gc5035mipi_Sensor.c
D:\File\Others\C_program\proj\gc5035_driver_MTK\gc5035mipi_Sensor.c(210,31): warning C4244: “return”: 从“unsigned short”转换到“unsigned char”，可能丢失数据
D:\File\Others\C_program\proj\gc5035_driver_MTK\gc5035mipi_Sensor.c(220,10): warning C4013: “printf”未定义；假设外部返回 int
D:\File\Others\C_program\proj\gc5035_driver_MTK\gc5035mipi_Sensor.c(231,35): warning C4244: “=”: 从“unsigned short”转换到“unsigned char”，可能丢失数据
D:\File\Others\C_program\proj\gc5035_driver_MTK\gc5035mipi_Sensor.c(272,8): warning C4013: “memset”未定义；假设外部返回 int
D:\File\Others\C_program\proj\gc5035_driver_MTK\gc5035mipi_Sensor.c(509,34): warning C4244: “=”: 从“unsigned short”转换到“unsigned char”，可能丢失数据
D:\File\Others\C_program\proj\gc5035_driver_MTK\gc5035mipi_Sensor.c(511,11): warning C4013: “mdelay”未定义；假设外部返回 int
D:\File\Others\C_program\proj\gc5035_driver_MTK\gc5035mipi_Sensor.c(712,11): warning C4013: “spin_lock”未定义；假设外部返回 int
D:\File\Others\C_program\proj\gc5035_driver_MTK\gc5035mipi_Sensor.c(712,31): error C2065: “imgsensor_drv_lock”: 未声明的标识符
D:\File\Others\C_program\proj\gc5035_driver_MTK\gc5035mipi_Sensor.c(722,13): warning C4013: “spin_unlock”未定义；假设外部返回 int
D:\File\Others\C_program\proj\gc5035_driver_MTK\gc5035mipi_Sensor.c(722,33): error C2065: “imgsensor_drv_lock”: 未声明的标识符
D:\File\Others\C_program\proj\gc5035_driver_MTK\gc5035mipi_Sensor.c(747,19): warning C4013: “spin_lock_irqsave”未定义；假设外部返回 int
D:\File\Others\C_program\proj\gc5035_driver_MTK\gc5035mipi_Sensor.c(747,39): error C2065: “imgsensor_drv_lock”: 未声明的标识符
D:\File\Others\C_program\proj\gc5035_driver_MTK\gc5035mipi_Sensor.c(749,24): warning C4013: “spin_unlock_irqrestore”未定义；假设外部返回 int
D:\File\Others\C_program\proj\gc5035_driver_MTK\gc5035mipi_Sensor.c(749,44): error C2065: “imgsensor_drv_lock”: 未声明的标识符
D:\File\Others\C_program\proj\gc5035_driver_MTK\gc5035mipi_Sensor.c(752,31): error C2065: “imgsensor_drv_lock”: 未声明的标识符
D:\File\Others\C_program\proj\gc5035_driver_MTK\gc5035mipi_Sensor.c(760,33): error C2065: “imgsensor_drv_lock”: 未声明的标识符
D:\File\Others\C_program\proj\gc5035_driver_MTK\gc5035mipi_Sensor.c(1658,31): error C2065: “imgsensor_drv_lock”: 未声明的标识符
D:\File\Others\C_program\proj\gc5035_driver_MTK\gc5035mipi_Sensor.c(1660,33): error C2065: “imgsensor_drv_lock”: 未声明的标识符
D:\File\Others\C_program\proj\gc5035_driver_MTK\gc5035mipi_Sensor.c(1671,32): error C2065: “imgsensor_drv_lock”: 未声明的标识符
D:\File\Others\C_program\proj\gc5035_driver_MTK\gc5035mipi_Sensor.c(1673,34): error C2065: “imgsensor_drv_lock”: 未声明的标识符
D:\File\Others\C_program\proj\gc5035_driver_MTK\gc5035mipi_Sensor.c(1678,13): warning C4013: “pr_debug”未定义；假设外部返回 int
D:\File\Others\C_program\proj\gc5035_driver_MTK\gc5035mipi_Sensor.c(1708,32): error C2065: “imgsensor_drv_lock”: 未声明的标识符
D:\File\Others\C_program\proj\gc5035_driver_MTK\gc5035mipi_Sensor.c(1710,34): error C2065: “imgsensor_drv_lock”: 未声明的标识符
D:\File\Others\C_program\proj\gc5035_driver_MTK\gc5035mipi_Sensor.c(1735,31): error C2065: “imgsensor_drv_lock”: 未声明的标识符
D:\File\Others\C_program\proj\gc5035_driver_MTK\gc5035mipi_Sensor.c(1748,33): error C2065: “imgsensor_drv_lock”: 未声明的标识符
D:\File\Others\C_program\proj\gc5035_driver_MTK\gc5035mipi_Sensor.c(1761,62): error C2143: 语法错误: 缺少“)”(在“*”的前面)
D:\File\Others\C_program\proj\gc5035_driver_MTK\gc5035mipi_Sensor.c(1761,62): error C2143: 语法错误: 缺少“{”(在“*”的前面)
D:\File\Others\C_program\proj\gc5035_driver_MTK\gc5035mipi_Sensor.c(1762,28): error C2143: 语法错误: 缺少“;”(在“*”的前面)
D:\File\Others\C_program\proj\gc5035_driver_MTK\gc5035mipi_Sensor.c(1762,47): error C2059: 语法错误:“)”
D:\File\Others\C_program\proj\gc5035_driver_MTK\gc5035mipi_Sensor.c(1763,1): error C2054: 在“sensor_config_data”之后应输入“(”
D:\File\Others\C_program\proj\gc5035_driver_MTK\gc5035mipi_Sensor.c(1782,62): error C2143: 语法错误: 缺少“)”(在“*”的前面)
D:\File\Others\C_program\proj\gc5035_driver_MTK\gc5035mipi_Sensor.c(1782,62): error C2143: 语法错误: 缺少“{”(在“*”的前面)
D:\File\Others\C_program\proj\gc5035_driver_MTK\gc5035mipi_Sensor.c(1783,28): error C2143: 语法错误: 缺少“;”(在“*”的前面)
D:\File\Others\C_program\proj\gc5035_driver_MTK\gc5035mipi_Sensor.c(1783,47): error C2059: 语法错误:“)”
D:\File\Others\C_program\proj\gc5035_driver_MTK\gc5035mipi_Sensor.c(1784,1): error C2054: 在“sensor_config_data”之后应输入“(”
D:\File\Others\C_program\proj\gc5035_driver_MTK\gc5035mipi_Sensor.c(1811,67): error C2143: 语法错误: 缺少“)”(在“*”的前面)
D:\File\Others\C_program\proj\gc5035_driver_MTK\gc5035mipi_Sensor.c(1811,67): error C2143: 语法错误: 缺少“{”(在“*”的前面)
D:\File\Others\C_program\proj\gc5035_driver_MTK\gc5035mipi_Sensor.c(1812,28): error C2143: 语法错误: 缺少“;”(在“*”的前面)
D:\File\Others\C_program\proj\gc5035_driver_MTK\gc5035mipi_Sensor.c(1812,47): error C2059: 语法错误:“)”
D:\File\Others\C_program\proj\gc5035_driver_MTK\gc5035mipi_Sensor.c(1813,1): error C2054: 在“sensor_config_data”之后应输入“(”
D:\File\Others\C_program\proj\gc5035_driver_MTK\gc5035mipi_Sensor.c(1831,63): error C2143: 语法错误: 缺少“)”(在“*”的前面)
D:\File\Others\C_program\proj\gc5035_driver_MTK\gc5035mipi_Sensor.c(1831,63): error C2143: 语法错误: 缺少“{”(在“*”的前面)
D:\File\Others\C_program\proj\gc5035_driver_MTK\gc5035mipi_Sensor.c(1832,28): error C2143: 语法错误: 缺少“;”(在“*”的前面)
D:\File\Others\C_program\proj\gc5035_driver_MTK\gc5035mipi_Sensor.c(1832,47): error C2059: 语法错误:“)”
D:\File\Others\C_program\proj\gc5035_driver_MTK\gc5035mipi_Sensor.c(1833,1): error C2054: 在“sensor_config_data”之后应输入“(”
D:\File\Others\C_program\proj\gc5035_driver_MTK\gc5035mipi_Sensor.c(1851,65): error C2143: 语法错误: 缺少“)”(在“*”的前面)
D:\File\Others\C_program\proj\gc5035_driver_MTK\gc5035mipi_Sensor.c(1851,65): error C2143: 语法错误: 缺少“{”(在“*”的前面)
D:\File\Others\C_program\proj\gc5035_driver_MTK\gc5035mipi_Sensor.c(1852,28): error C2143: 语法错误: 缺少“;”(在“*”的前面)
D:\File\Others\C_program\proj\gc5035_driver_MTK\gc5035mipi_Sensor.c(1852,47): error C2059: 语法错误:“)”
D:\File\Others\C_program\proj\gc5035_driver_MTK\gc5035mipi_Sensor.c(1853,1): error C2054: 在“sensor_config_data”之后应输入“(”
D:\File\Others\C_program\proj\gc5035_driver_MTK\gc5035mipi_Sensor.c(1870,69): error C2143: 语法错误: 缺少“)”(在“*”的前面)
D:\File\Others\C_program\proj\gc5035_driver_MTK\gc5035mipi_Sensor.c(1870,69): error C2143: 语法错误: 缺少“{”(在“*”的前面)
D:\File\Others\C_program\proj\gc5035_driver_MTK\gc5035mipi_Sensor.c(1870,87): error C2059: 语法错误:“)”
D:\File\Others\C_program\proj\gc5035_driver_MTK\gc5035mipi_Sensor.c(1871,1): error C2054: 在“sensor_resolution”之后应输入“(”
D:\File\Others\C_program\proj\gc5035_driver_MTK\gc5035mipi_Sensor.c(1892,26): error C2143: 语法错误: 缺少“)”(在“*”的前面)
D:\File\Others\C_program\proj\gc5035_driver_MTK\gc5035mipi_Sensor.c(1892,26): error C2081: “MSDK_SENSOR_INFO_STRUCT”: 形参表中的名称非法
D:\File\Others\C_program\proj\gc5035_driver_MTK\gc5035mipi_Sensor.c(1892,26): error C2143: 语法错误: 缺少“{”(在“*”的前面)
D:\File\Others\C_program\proj\gc5035_driver_MTK\gc5035mipi_Sensor.c(1893,28): error C2143: 语法错误: 缺少“;”(在“*”的前面)
D:\File\Others\C_program\proj\gc5035_driver_MTK\gc5035mipi_Sensor.c(1893,47): error C2059: 语法错误:“)”
D:\File\Others\C_program\proj\gc5035_driver_MTK\gc5035mipi_Sensor.c(1894,1): error C2054: 在“sensor_config_data”之后应输入“(”
D:\File\Others\C_program\proj\gc5035_driver_MTK\gc5035mipi_Sensor.c(1989,97): error C2143: 语法错误: 缺少“)”(在“*”的前面)
D:\File\Others\C_program\proj\gc5035_driver_MTK\gc5035mipi_Sensor.c(1989,97): error C2081: “MSDK_SENSOR_EXPOSURE_WINDOW_STRUCT”: 形参表中的名称非法
D:\File\Others\C_program\proj\gc5035_driver_MTK\gc5035mipi_Sensor.c(1989,97): error C2143: 语法错误: 缺少“{”(在“*”的前面)
D:\File\Others\C_program\proj\gc5035_driver_MTK\gc5035mipi_Sensor.c(1990,28): error C2143: 语法错误: 缺少“;”(在“*”的前面)
D:\File\Others\C_program\proj\gc5035_driver_MTK\gc5035mipi_Sensor.c(1990,47): error C2059: 语法错误:“)”
D:\File\Others\C_program\proj\gc5035_driver_MTK\gc5035mipi_Sensor.c(1991,1): error C2054: 在“sensor_config_data”之后应输入“(”
D:\File\Others\C_program\proj\gc5035_driver_MTK\gc5035mipi_Sensor.c(2044,31): error C2065: “imgsensor_drv_lock”: 未声明的标识符
D:\File\Others\C_program\proj\gc5035_driver_MTK\gc5035mipi_Sensor.c(2049,33): error C2065: “imgsensor_drv_lock”: 未声明的标识符
D:\File\Others\C_program\proj\gc5035_driver_MTK\gc5035mipi_Sensor.c(2062,32): error C2065: “imgsensor_drv_lock”: 未声明的标识符
D:\File\Others\C_program\proj\gc5035_driver_MTK\gc5035mipi_Sensor.c(2067,34): error C2065: “imgsensor_drv_lock”: 未声明的标识符
D:\File\Others\C_program\proj\gc5035_driver_MTK\gc5035mipi_Sensor.c(2075,32): error C2065: “imgsensor_drv_lock”: 未声明的标识符
D:\File\Others\C_program\proj\gc5035_driver_MTK\gc5035mipi_Sensor.c(2080,34): error C2065: “imgsensor_drv_lock”: 未声明的标识符
D:\File\Others\C_program\proj\gc5035_driver_MTK\gc5035mipi_Sensor.c(2086,33): error C2065: “imgsensor_drv_lock”: 未声明的标识符
D:\File\Others\C_program\proj\gc5035_driver_MTK\gc5035mipi_Sensor.c(2091,35): error C2065: “imgsensor_drv_lock”: 未声明的标识符
D:\File\Others\C_program\proj\gc5035_driver_MTK\gc5035mipi_Sensor.c(2097,33): error C2065: “imgsensor_drv_lock”: 未声明的标识符
D:\File\Others\C_program\proj\gc5035_driver_MTK\gc5035mipi_Sensor.c(2102,35): error C2065: “imgsensor_drv_lock”: 未声明的标识符
D:\File\Others\C_program\proj\gc5035_driver_MTK\gc5035mipi_Sensor.c(2108,32): error C2065: “imgsensor_drv_lock”: 未声明的标识符
D:\File\Others\C_program\proj\gc5035_driver_MTK\gc5035mipi_Sensor.c(2113,34): error C2065: “imgsensor_drv_lock”: 未声明的标识符
D:\File\Others\C_program\proj\gc5035_driver_MTK\gc5035mipi_Sensor.c(2118,32): error C2065: “imgsensor_drv_lock”: 未声明的标识符
D:\File\Others\C_program\proj\gc5035_driver_MTK\gc5035mipi_Sensor.c(2123,34): error C2065: “imgsensor_drv_lock”: 未声明的标识符
D:\File\Others\C_program\proj\gc5035_driver_MTK\gc5035mipi_Sensor.c(2128,32): error C2065: “imgsensor_drv_lock”: 未声明的标识符
D:\File\Others\C_program\proj\gc5035_driver_MTK\gc5035mipi_Sensor.c(2133,34): error C2065: “imgsensor_drv_lock”: 未声明的标识符
D:\File\Others\C_program\proj\gc5035_driver_MTK\gc5035mipi_Sensor.c(2179,30): error C2065: “MSDK_SENSOR_REG_INFO_STRUCT”: 未声明的标识符
D:\File\Others\C_program\proj\gc5035_driver_MTK\gc5035mipi_Sensor.c(2179,47): error C2065: “sensor_reg_data”: 未声明的标识符
D:\File\Others\C_program\proj\gc5035_driver_MTK\gc5035mipi_Sensor.c(2179,78): error C2065: “MSDK_SENSOR_REG_INFO_STRUCT”: 未声明的标识符
D:\File\Others\C_program\proj\gc5035_driver_MTK\gc5035mipi_Sensor.c(2179,79): error C2059: 语法错误:“)”
D:\File\Others\C_program\proj\gc5035_driver_MTK\gc5035mipi_Sensor.c(2219,28): warning C4244: “函数”: 从“unsigned __int64”转换到“unsigned short”，可能丢失数据
D:\File\Others\C_program\proj\gc5035_driver_MTK\gc5035mipi_Sensor.c(2232,36): error C2065: “sensor_reg_data”: 未声明的标识符
D:\File\Others\C_program\proj\gc5035_driver_MTK\gc5035mipi_Sensor.c(2232,38): error C2223: “->RegAddr”的左侧必须指向结构/联合
D:\File\Others\C_program\proj\gc5035_driver_MTK\gc5035mipi_Sensor.c(2232,62): error C2065: “sensor_reg_data”: 未声明的标识符
D:\File\Others\C_program\proj\gc5035_driver_MTK\gc5035mipi_Sensor.c(2232,64): error C2223: “->RegData”的左侧必须指向结构/联合
D:\File\Others\C_program\proj\gc5035_driver_MTK\gc5035mipi_Sensor.c(2232,20): error C2198: “write_cmos_sensor”: 用于调用的参数太少
D:\File\Others\C_program\proj\gc5035_driver_MTK\gc5035mipi_Sensor.c(2235,18): error C2065: “sensor_reg_data”: 未声明的标识符
D:\File\Others\C_program\proj\gc5035_driver_MTK\gc5035mipi_Sensor.c(2235,20): error C2223: “->RegData”的左侧必须指向结构/联合
D:\File\Others\C_program\proj\gc5035_driver_MTK\gc5035mipi_Sensor.c(2235,62): error C2065: “sensor_reg_data”: 未声明的标识符
D:\File\Others\C_program\proj\gc5035_driver_MTK\gc5035mipi_Sensor.c(2235,64): error C2223: “->RegAddr”的左侧必须指向结构/联合
D:\File\Others\C_program\proj\gc5035_driver_MTK\gc5035mipi_Sensor.c(2235,46): error C2198: “read_cmos_sensor”: 用于调用的参数太少
D:\File\Others\C_program\proj\gc5035_driver_MTK\gc5035mipi_Sensor.c(2236,56): error C2065: “sensor_reg_data”: 未声明的标识符
D:\File\Others\C_program\proj\gc5035_driver_MTK\gc5035mipi_Sensor.c(2236,58): error C2223: “->RegAddr”的左侧必须指向结构/联合
D:\File\Others\C_program\proj\gc5035_driver_MTK\gc5035mipi_Sensor.c(2236,82): error C2065: “sensor_reg_data”: 未声明的标识符
D:\File\Others\C_program\proj\gc5035_driver_MTK\gc5035mipi_Sensor.c(2236,84): error C2223: “->RegData”的左侧必须指向结构/联合
D:\File\Others\C_program\proj\gc5035_driver_MTK\gc5035mipi_Sensor.c(2245,31): warning C4244: “函数”: 从“unsigned __int64”转换到“unsigned short”，可能丢失数据
D:\File\Others\C_program\proj\gc5035_driver_MTK\gc5035mipi_Sensor.c(2254,90): warning C4244: “函数”: 从“unsigned __int64”转换到“unsigned int”，可能丢失数据
D:\File\Others\C_program\proj\gc5035_driver_MTK\gc5035mipi_Sensor.c(2269,32): error C2065: “imgsensor_drv_lock”: 未声明的标识符
D:\File\Others\C_program\proj\gc5035_driver_MTK\gc5035mipi_Sensor.c(2270,40): warning C4244: “=”: 从“unsigned __int64”转换到“unsigned short”，可能丢失数据
D:\File\Others\C_program\proj\gc5035_driver_MTK\gc5035mipi_Sensor.c(2271,34): error C2065: “imgsensor_drv_lock”: 未声明的标识符
D:\File\Others\C_program\proj\gc5035_driver_MTK\gc5035mipi_Sensor.c(2275,32): error C2065: “imgsensor_drv_lock”: 未声明的标识符
D:\File\Others\C_program\proj\gc5035_driver_MTK\gc5035mipi_Sensor.c(2277,34): error C2065: “imgsensor_drv_lock”: 未声明的标识符
D:\File\Others\C_program\proj\gc5035_driver_MTK\gc5035mipi_Sensor.c(2284,10): warning C4013: “memcpy”未定义；假设外部返回 int
D:\File\Others\C_program\proj\gc5035_driver_MTK\gc5035mipi_Sensor.c(2316,10): error C2065: “get_info”: 未声明的标识符
D:\File\Others\C_program\proj\gc5035_driver_MTK\gc5035mipi_Sensor.c(2317,16): error C2065: “get_resolution”: 未声明的标识符
D:\File\Others\C_program\proj\gc5035_driver_MTK\gc5035mipi_Sensor.c(2319,9): error C2065: “control”: 未声明的标识符
D:\File\Others\C_program\proj\gc5035_driver_MTK\gc5035mipi_Sensor.c(2314,1): warning C4047: “初始化”:“unsigned int *”与“unsigned int (__cdecl *)(void)”的间接级别不同
D:\File\Others\C_program\proj\gc5035_driver_MTK\gc5035mipi_Sensor.c(2314,1): error C2099: 初始值设定项不是常量
D:\File\Others\C_program\proj\gc5035_driver_MTK\gc5035mipi_Sensor.c(2314,1): warning C4047: “初始化”:“unsigned int *”与“unsigned int (__cdecl *)(MSDK_SENSOR_FEATURE_ENUM,unsigned char *,unsigned int *)”的间接级别不同
D:\File\Others\C_program\proj\gc5035_driver_MTK\gc5035mipi_Sensor.c(2327,25): warning C4133: “=”: 从“SENSOR_FUNCTION_STRUCT *”到“unsigned int *”的类型不兼容
  main.c
D:\File\Others\C_program\proj\gc5035_driver_MTK\camera_AE_PLineTable_gc5035mipiraw.h(453,1): error C2099: 初始值设定项不是常量
D:\File\Others\C_program\proj\gc5035_driver_MTK\camera_AE_PLineTable_gc5035mipiraw.h(453,1): warning C4047: “初始化”:“unsigned int”与“void *”的间接级别不同
D:\File\Others\C_program\proj\gc5035_driver_MTK\camera_AE_PLineTable_gc5035mipiraw.h(879,1): error C2099: 初始值设定项不是常量
D:\File\Others\C_program\proj\gc5035_driver_MTK\camera_AE_PLineTable_gc5035mipiraw.h(879,1): warning C4047: “初始化”:“unsigned int”与“void *”的间接级别不同
D:\File\Others\C_program\proj\gc5035_driver_MTK\camera_AE_PLineTable_gc5035mipiraw.h(1305,1): error C2099: 初始值设定项不是常量
D:\File\Others\C_program\proj\gc5035_driver_MTK\camera_AE_PLineTable_gc5035mipiraw.h(1305,1): warning C4047: “初始化”:“unsigned int”与“void *”的间接级别不同
D:\File\Others\C_program\proj\gc5035_driver_MTK\camera_AE_PLineTable_gc5035mipiraw.h(1731,1): error C2099: 初始值设定项不是常量
D:\File\Others\C_program\proj\gc5035_driver_MTK\camera_AE_PLineTable_gc5035mipiraw.h(1731,1): warning C4047: “初始化”:“unsigned int”与“void *”的间接级别不同
D:\File\Others\C_program\proj\gc5035_driver_MTK\camera_AE_PLineTable_gc5035mipiraw.h(2157,1): error C2099: 初始值设定项不是常量
D:\File\Others\C_program\proj\gc5035_driver_MTK\camera_AE_PLineTable_gc5035mipiraw.h(2157,1): warning C4047: “初始化”:“unsigned int”与“void *”的间接级别不同
D:\File\Others\C_program\proj\gc5035_driver_MTK\camera_AE_PLineTable_gc5035mipiraw.h(2583,1): error C2099: 初始值设定项不是常量
D:\File\Others\C_program\proj\gc5035_driver_MTK\camera_AE_PLineTable_gc5035mipiraw.h(2583,1): warning C4047: “初始化”:“unsigned int”与“void *”的间接级别不同
D:\File\Others\C_program\proj\gc5035_driver_MTK\camera_AE_PLineTable_gc5035mipiraw.h(3009,1): error C2099: 初始值设定项不是常量
D:\File\Others\C_program\proj\gc5035_driver_MTK\camera_AE_PLineTable_gc5035mipiraw.h(3009,1): warning C4047: “初始化”:“unsigned int”与“void *”的间接级别不同
D:\File\Others\C_program\proj\gc5035_driver_MTK\camera_AE_PLineTable_gc5035mipiraw.h(3435,1): error C2099: 初始值设定项不是常量
D:\File\Others\C_program\proj\gc5035_driver_MTK\camera_AE_PLineTable_gc5035mipiraw.h(3435,1): warning C4047: “初始化”:“unsigned int”与“void *”的间接级别不同
D:\File\Others\C_program\proj\gc5035_driver_MTK\camera_AE_PLineTable_gc5035mipiraw.h(3861,1): error C2099: 初始值设定项不是常量
D:\File\Others\C_program\proj\gc5035_driver_MTK\camera_AE_PLineTable_gc5035mipiraw.h(3861,1): warning C4047: “初始化”:“unsigned int”与“void *”的间接级别不同
D:\File\Others\C_program\proj\gc5035_driver_MTK\camera_AE_PLineTable_gc5035mipiraw.h(4287,1): error C2099: 初始值设定项不是常量
D:\File\Others\C_program\proj\gc5035_driver_MTK\camera_AE_PLineTable_gc5035mipiraw.h(4287,1): warning C4047: “初始化”:“unsigned int”与“void *”的间接级别不同
D:\File\Others\C_program\proj\gc5035_driver_MTK\camera_AE_PLineTable_gc5035mipiraw.h(4713,1): error C2099: 初始值设定项不是常量
D:\File\Others\C_program\proj\gc5035_driver_MTK\camera_AE_PLineTable_gc5035mipiraw.h(4713,1): warning C4047: “初始化”:“unsigned int”与“void *”的间接级别不同
D:\File\Others\C_program\proj\gc5035_driver_MTK\camera_AE_PLineTable_gc5035mipiraw.h(5139,1): error C2099: 初始值设定项不是常量
D:\File\Others\C_program\proj\gc5035_driver_MTK\camera_AE_PLineTable_gc5035mipiraw.h(5139,1): warning C4047: “初始化”:“unsigned int”与“void *”的间接级别不同
D:\File\Others\C_program\proj\gc5035_driver_MTK\camera_AE_PLineTable_gc5035mipiraw.h(5565,1): error C2099: 初始值设定项不是常量
D:\File\Others\C_program\proj\gc5035_driver_MTK\camera_AE_PLineTable_gc5035mipiraw.h(5565,1): warning C4047: “初始化”:“unsigned int”与“void *”的间接级别不同
D:\File\Others\C_program\proj\gc5035_driver_MTK\camera_AE_PLineTable_gc5035mipiraw.h(5991,1): error C2099: 初始值设定项不是常量
D:\File\Others\C_program\proj\gc5035_driver_MTK\camera_AE_PLineTable_gc5035mipiraw.h(5991,1): warning C4047: “初始化”:“unsigned int”与“void *”的间接级别不同
D:\File\Others\C_program\proj\gc5035_driver_MTK\camera_AE_PLineTable_gc5035mipiraw.h(6417,1): error C2099: 初始值设定项不是常量
D:\File\Others\C_program\proj\gc5035_driver_MTK\camera_AE_PLineTable_gc5035mipiraw.h(6417,1): warning C4047: “初始化”:“unsigned int”与“void *”的间接级别不同
D:\File\Others\C_program\proj\gc5035_driver_MTK\camera_AE_PLineTable_gc5035mipiraw.h(6843,1): error C2099: 初始值设定项不是常量
D:\File\Others\C_program\proj\gc5035_driver_MTK\camera_AE_PLineTable_gc5035mipiraw.h(6843,1): warning C4047: “初始化”:“unsigned int”与“void *”的间接级别不同
D:\File\Others\C_program\proj\gc5035_driver_MTK\camera_AE_PLineTable_gc5035mipiraw.h(7269,1): error C2099: 初始值设定项不是常量
D:\File\Others\C_program\proj\gc5035_driver_MTK\camera_AE_PLineTable_gc5035mipiraw.h(7269,1): warning C4047: “初始化”:“unsigned int”与“void *”的间接级别不同
D:\File\Others\C_program\proj\gc5035_driver_MTK\camera_AE_PLineTable_gc5035mipiraw.h(7695,1): error C2099: 初始值设定项不是常量
D:\File\Others\C_program\proj\gc5035_driver_MTK\camera_AE_PLineTable_gc5035mipiraw.h(7695,1): warning C4047: “初始化”:“unsigned int”与“void *”的间接级别不同
D:\File\Others\C_program\proj\gc5035_driver_MTK\camera_AE_PLineTable_gc5035mipiraw.h(8121,1): error C2099: 初始值设定项不是常量
D:\File\Others\C_program\proj\gc5035_driver_MTK\camera_AE_PLineTable_gc5035mipiraw.h(8121,1): warning C4047: “初始化”:“unsigned int”与“void *”的间接级别不同
D:\File\Others\C_program\proj\gc5035_driver_MTK\camera_AE_PLineTable_gc5035mipiraw.h(8547,1): error C2099: 初始值设定项不是常量
D:\File\Others\C_program\proj\gc5035_driver_MTK\camera_AE_PLineTable_gc5035mipiraw.h(8547,1): warning C4047: “初始化”:“unsigned int”与“void *”的间接级别不同
D:\File\Others\C_program\proj\gc5035_driver_MTK\camera_AE_PLineTable_gc5035mipiraw.h(8973,1): error C2099: 初始值设定项不是常量
D:\File\Others\C_program\proj\gc5035_driver_MTK\camera_AE_PLineTable_gc5035mipiraw.h(8973,1): warning C4047: “初始化”:“unsigned int”与“void *”的间接级别不同
D:\File\Others\C_program\proj\gc5035_driver_MTK\camera_AE_PLineTable_gc5035mipiraw.h(9399,1): error C2099: 初始值设定项不是常量
D:\File\Others\C_program\proj\gc5035_driver_MTK\camera_AE_PLineTable_gc5035mipiraw.h(9399,1): warning C4047: “初始化”:“unsigned int”与“void *”的间接级别不同
D:\File\Others\C_program\proj\gc5035_driver_MTK\camera_AE_PLineTable_gc5035mipiraw.h(9825,1): error C2099: 初始值设定项不是常量
D:\File\Others\C_program\proj\gc5035_driver_MTK\camera_AE_PLineTable_gc5035mipiraw.h(9825,1): warning C4047: “初始化”:“unsigned int”与“void *”的间接级别不同
D:\File\Others\C_program\proj\gc5035_driver_MTK\camera_AE_PLineTable_gc5035mipiraw.h(10251,1): error C2099: 初始值设定项不是常量
D:\File\Others\C_program\proj\gc5035_driver_MTK\camera_AE_PLineTable_gc5035mipiraw.h(10251,1): warning C4047: “初始化”:“unsigned int”与“void *”的间接级别不同
D:\File\Others\C_program\proj\gc5035_driver_MTK\camera_AE_PLineTable_gc5035mipiraw.h(10677,1): error C2099: 初始值设定项不是常量
D:\File\Others\C_program\proj\gc5035_driver_MTK\camera_AE_PLineTable_gc5035mipiraw.h(10677,1): warning C4047: “初始化”:“unsigned int”与“void *”的间接级别不同
D:\File\Others\C_program\proj\gc5035_driver_MTK\camera_AE_PLineTable_gc5035mipiraw.h(11103,1): error C2099: 初始值设定项不是常量
D:\File\Others\C_program\proj\gc5035_driver_MTK\camera_AE_PLineTable_gc5035mipiraw.h(11103,1): warning C4047: “初始化”:“unsigned int”与“void *”的间接级别不同
D:\File\Others\C_program\proj\gc5035_driver_MTK\camera_AE_PLineTable_gc5035mipiraw.h(11529,1): error C2099: 初始值设定项不是常量
D:\File\Others\C_program\proj\gc5035_driver_MTK\camera_AE_PLineTable_gc5035mipiraw.h(11529,1): warning C4047: “初始化”:“unsigned int”与“void *”的间接级别不同
D:\File\Others\C_program\proj\gc5035_driver_MTK\camera_AE_PLineTable_gc5035mipiraw.h(11955,1): error C2099: 初始值设定项不是常量
D:\File\Others\C_program\proj\gc5035_driver_MTK\camera_AE_PLineTable_gc5035mipiraw.h(11955,1): warning C4047: “初始化”:“unsigned int”与“void *”的间接级别不同
D:\File\Others\C_program\proj\gc5035_driver_MTK\camera_AE_PLineTable_gc5035mipiraw.h(12381,1): error C2099: 初始值设定项不是常量
D:\File\Others\C_program\proj\gc5035_driver_MTK\camera_AE_PLineTable_gc5035mipiraw.h(12381,1): warning C4047: “初始化”:“unsigned int”与“void *”的间接级别不同
D:\File\Others\C_program\proj\gc5035_driver_MTK\camera_AE_PLineTable_gc5035mipiraw.h(12807,1): error C2099: 初始值设定项不是常量
D:\File\Others\C_program\proj\gc5035_driver_MTK\camera_AE_PLineTable_gc5035mipiraw.h(12807,1): warning C4047: “初始化”:“unsigned int”与“void *”的间接级别不同
D:\File\Others\C_program\proj\gc5035_driver_MTK\camera_AE_PLineTable_gc5035mipiraw.h(13233,1): error C2099: 初始值设定项不是常量
D:\File\Others\C_program\proj\gc5035_driver_MTK\camera_AE_PLineTable_gc5035mipiraw.h(13233,1): warning C4047: “初始化”:“unsigned int”与“void *”的间接级别不同
D:\File\Others\C_program\proj\gc5035_driver_MTK\camera_AE_PLineTable_gc5035mipiraw.h(13659,1): error C2099: 初始值设定项不是常量
D:\File\Others\C_program\proj\gc5035_driver_MTK\camera_AE_PLineTable_gc5035mipiraw.h(13659,1): warning C4047: “初始化”:“unsigned int”与“void *”的间接级别不同
D:\File\Others\C_program\proj\gc5035_driver_MTK\camera_AE_PLineTable_gc5035mipiraw.h(14085,1): error C2099: 初始值设定项不是常量
D:\File\Others\C_program\proj\gc5035_driver_MTK\camera_AE_PLineTable_gc5035mipiraw.h(14085,1): warning C4047: “初始化”:“unsigned int”与“void *”的间接级别不同
D:\File\Others\C_program\proj\gc5035_driver_MTK\camera_AE_PLineTable_gc5035mipiraw.h(14511,1): error C2099: 初始值设定项不是常量
D:\File\Others\C_program\proj\gc5035_driver_MTK\camera_AE_PLineTable_gc5035mipiraw.h(14511,1): warning C4047: “初始化”:“unsigned int”与“void *”的间接级别不同
D:\File\Others\C_program\proj\gc5035_driver_MTK\camera_AE_PLineTable_gc5035mipiraw.h(14937,1): error C2099: 初始值设定项不是常量
D:\File\Others\C_program\proj\gc5035_driver_MTK\camera_AE_PLineTable_gc5035mipiraw.h(14937,1): warning C4047: “初始化”:“unsigned int”与“void *”的间接级别不同
D:\File\Others\C_program\proj\gc5035_driver_MTK\camera_AE_PLineTable_gc5035mipiraw.h(15363,1): error C2099: 初始值设定项不是常量
D:\File\Others\C_program\proj\gc5035_driver_MTK\camera_AE_PLineTable_gc5035mipiraw.h(15363,1): warning C4047: “初始化”:“unsigned int”与“void *”的间接级别不同
D:\File\Others\C_program\proj\gc5035_driver_MTK\camera_AE_PLineTable_gc5035mipiraw.h(15789,1): error C2099: 初始值设定项不是常量
D:\File\Others\C_program\proj\gc5035_driver_MTK\camera_AE_PLineTable_gc5035mipiraw.h(15789,1): warning C4047: “初始化”:“unsigned int”与“void *”的间接级别不同
D:\File\Others\C_program\proj\gc5035_driver_MTK\camera_AE_PLineTable_gc5035mipiraw.h(16215,1): error C2099: 初始值设定项不是常量
D:\File\Others\C_program\proj\gc5035_driver_MTK\camera_AE_PLineTable_gc5035mipiraw.h(16215,1): warning C4047: “初始化”:“unsigned int”与“void *”的间接级别不同
D:\File\Others\C_program\proj\gc5035_driver_MTK\camera_AE_PLineTable_gc5035mipiraw.h(16641,1): error C2099: 初始值设定项不是常量
D:\File\Others\C_program\proj\gc5035_driver_MTK\camera_AE_PLineTable_gc5035mipiraw.h(16641,1): warning C4047: “初始化”:“unsigned int”与“void *”的间接级别不同
D:\File\Others\C_program\proj\gc5035_driver_MTK\camera_AE_PLineTable_gc5035mipiraw.h(17067,1): error C2099: 初始值设定项不是常量
D:\File\Others\C_program\proj\gc5035_driver_MTK\camera_AE_PLineTable_gc5035mipiraw.h(17067,1): warning C4047: “初始化”:“unsigned int”与“void *”的间接级别不同
D:\File\Others\C_program\proj\gc5035_driver_MTK\camera_AE_PLineTable_gc5035mipiraw.h(17493,1): error C2099: 初始值设定项不是常量
D:\File\Others\C_program\proj\gc5035_driver_MTK\camera_AE_PLineTable_gc5035mipiraw.h(17493,1): warning C4047: “初始化”:“unsigned int”与“void *”的间接级别不同
D:\File\Others\C_program\proj\gc5035_driver_MTK\camera_AE_PLineTable_gc5035mipiraw.h(17919,1): error C2099: 初始值设定项不是常量
D:\File\Others\C_program\proj\gc5035_driver_MTK\camera_AE_PLineTable_gc5035mipiraw.h(17919,1): warning C4047: “初始化”:“unsigned int”与“void *”的间接级别不同
D:\File\Others\C_program\proj\gc5035_driver_MTK\camera_AE_PLineTable_gc5035mipiraw.h(18345,1): error C2099: 初始值设定项不是常量
D:\File\Others\C_program\proj\gc5035_driver_MTK\camera_AE_PLineTable_gc5035mipiraw.h(18345,1): warning C4047: “初始化”:“unsigned int”与“void *”的间接级别不同
D:\File\Others\C_program\proj\gc5035_driver_MTK\camera_AE_PLineTable_gc5035mipiraw.h(18771,1): error C2099: 初始值设定项不是常量
D:\File\Others\C_program\proj\gc5035_driver_MTK\camera_AE_PLineTable_gc5035mipiraw.h(18771,1): warning C4047: “初始化”:“unsigned int”与“void *”的间接级别不同
D:\File\Others\C_program\proj\gc5035_driver_MTK\camera_AE_PLineTable_gc5035mipiraw.h(19197,1): error C2099: 初始值设定项不是常量
D:\File\Others\C_program\proj\gc5035_driver_MTK\camera_AE_PLineTable_gc5035mipiraw.h(19197,1): warning C4047: “初始化”:“unsigned int”与“void *”的间接级别不同
D:\File\Others\C_program\proj\gc5035_driver_MTK\camera_AE_PLineTable_gc5035mipiraw.h(19623,1): error C2099: 初始值设定项不是常量
D:\File\Others\C_program\proj\gc5035_driver_MTK\camera_AE_PLineTable_gc5035mipiraw.h(19623,1): warning C4047: “初始化”:“unsigned int”与“void *”的间接级别不同
D:\File\Others\C_program\proj\gc5035_driver_MTK\camera_AE_PLineTable_gc5035mipiraw.h(20049,1): error C2099: 初始值设定项不是常量
D:\File\Others\C_program\proj\gc5035_driver_MTK\camera_AE_PLineTable_gc5035mipiraw.h(20049,1): warning C4047: “初始化”:“unsigned int”与“void *”的间接级别不同
D:\File\Others\C_program\proj\gc5035_driver_MTK\camera_AE_PLineTable_gc5035mipiraw.h(20475,1): error C2099: 初始值设定项不是常量
D:\File\Others\C_program\proj\gc5035_driver_MTK\camera_AE_PLineTable_gc5035mipiraw.h(20475,1): warning C4047: “初始化”:“unsigned int”与“void *”的间接级别不同
D:\File\Others\C_program\proj\gc5035_driver_MTK\camera_AE_PLineTable_gc5035mipiraw.h(20901,1): error C2099: 初始值设定项不是常量
D:\File\Others\C_program\proj\gc5035_driver_MTK\camera_AE_PLineTable_gc5035mipiraw.h(20901,1): warning C4047: “初始化”:“unsigned int”与“void *”的间接级别不同
D:\File\Others\C_program\proj\gc5035_driver_MTK\camera_AE_PLineTable_gc5035mipiraw.h(21327,1): error C2099: 初始值设定项不是常量
D:\File\Others\C_program\proj\gc5035_driver_MTK\camera_AE_PLineTable_gc5035mipiraw.h(21327,1): warning C4047: “初始化”:“unsigned int”与“void *”的间接级别不同
D:\File\Others\C_program\proj\gc5035_driver_MTK\camera_AE_PLineTable_gc5035mipiraw.h(21546,1): error C2099: 初始值设定项不是常量
D:\File\Others\C_program\proj\gc5035_driver_MTK\camera_AE_PLineTable_gc5035mipiraw.h(21546,1): warning C4047: “初始化”:“unsigned int”与“void *”的间接级别不同
D:\File\Others\C_program\proj\gc5035_driver_MTK\camera_AE_PLineTable_gc5035mipiraw.h(21598,1): error C2099: 初始值设定项不是常量
D:\File\Others\C_program\proj\gc5035_driver_MTK\camera_AE_PLineTable_gc5035mipiraw.h(22878,10): error C2065: “MTRUE”: 未声明的标识符
D:\File\Others\C_program\proj\gc5035_driver_MTK\camera_AE_PLineTable_gc5035mipiraw.h(22877,1): error C2099: 初始值设定项不是常量
D:\File\Others\C_program\proj\gc5035_driver_MTK\AEPlinetable.h(264,12): error C2078: 初始值设定项太多
D:\File\Others\C_program\proj\gc5035_driver_MTK\camera_AE_PLineTable_gc5035mipiraw.h(22879,1): error C2099: 初始值设定项不是常量
D:\File\Others\C_program\proj\gc5035_driver_MTK\camera_AE_PLineTable_gc5035mipiraw.h(23197,1): error C2099: 初始值设定项不是常量
  正在生成代码...
